D, [2016-10-12T13:58:27.229263 #22332] DEBUG -- :   [1m[36m (0.1ms)[0m  [1mbegin transaction[0m
D, [2016-10-12T13:58:27.347417 #22332] DEBUG -- :   [1m[35mMessage Exists (0.1ms)[0m  SELECT 1 AS one FROM "messages" WHERE "messages"."key" = '84742b8007f75168' LIMIT 1
D, [2016-10-12T13:58:27.376219 #22332] DEBUG -- :   [1m[36mSQL (27.9ms)[0m  [1mINSERT INTO "messages" ("created_at", "deadline", "key", "password", "text", "updated_at") VALUES (?, ?, ?, ?, ?, ?)[0m  [["created_at", 2016-10-12 13:58:27 +0300], ["deadline", nil], ["key", "84742b8007f75168"], ["password", nil], ["text", nil], ["updated_at", 2016-10-12 13:58:27 +0300]]
D, [2016-10-12T13:58:27.481555 #22332] DEBUG -- :   [1m[35m (105.0ms)[0m  commit transaction
D, [2016-10-12T13:59:52.472022 #22345] DEBUG -- :   [1m[36m (0.1ms)[0m  [1mbegin transaction[0m
D, [2016-10-12T13:59:52.480244 #22345] DEBUG -- :   [1m[35mMessage Exists (0.1ms)[0m  SELECT 1 AS one FROM "messages" WHERE "messages"."key" = '66aae41ea3d78d04' LIMIT 1
D, [2016-10-12T13:59:52.488417 #22345] DEBUG -- :   [1m[36mSQL (7.2ms)[0m  [1mINSERT INTO "messages" ("created_at", "deadline", "key", "password", "text", "updated_at") VALUES (?, ?, ?, ?, ?, ?)[0m  [["created_at", 2016-10-12 13:59:52 +0300], ["deadline", nil], ["key", "66aae41ea3d78d04"], ["password", nil], ["text", "asd"], ["updated_at", 2016-10-12 13:59:52 +0300]]
D, [2016-10-12T13:59:52.676732 #22345] DEBUG -- :   [1m[35m (188.0ms)[0m  commit transaction
D, [2016-10-12T15:37:06.172240 #23181] DEBUG -- :   [1m[36m (0.1ms)[0m  [1mbegin transaction[0m
D, [2016-10-12T15:37:06.180206 #23181] DEBUG -- :   [1m[35mMessage Exists (0.1ms)[0m  SELECT 1 AS one FROM "messages" WHERE "messages"."key" = '2f6dfe4b6c59c07c' LIMIT 1
D, [2016-10-12T15:37:06.184782 #23181] DEBUG -- :   [1m[36mSQL (3.6ms)[0m  [1mINSERT INTO "messages" ("created_at", "deadline", "key", "text", "updated_at") VALUES (?, ?, ?, ?, ?)[0m  [["created_at", 2016-10-12 15:37:06 +0300], ["deadline", nil], ["key", "2f6dfe4b6c59c07c"], ["text", "xc"], ["updated_at", 2016-10-12 15:37:06 +0300]]
D, [2016-10-12T15:37:06.346285 #23181] DEBUG -- :   [1m[35m (161.2ms)[0m  commit transaction
D, [2016-10-12T15:37:13.638989 #23181] DEBUG -- :   [1m[36m (0.1ms)[0m  [1mbegin transaction[0m
D, [2016-10-12T15:37:13.640688 #23181] DEBUG -- :   [1m[35mMessage Exists (0.2ms)[0m  SELECT 1 AS one FROM "messages" WHERE "messages"."key" = '5975bbbc17125d7b' LIMIT 1
D, [2016-10-12T15:37:13.642165 #23181] DEBUG -- :   [1m[36mSQL (0.4ms)[0m  [1mINSERT INTO "messages" ("created_at", "deadline", "key", "text", "updated_at") VALUES (?, ?, ?, ?, ?)[0m  [["created_at", 2016-10-12 15:37:13 +0300], ["deadline", 12], ["key", "5975bbbc17125d7b"], ["text", "xcd"], ["updated_at", 2016-10-12 15:37:13 +0300]]
D, [2016-10-12T15:37:13.828487 #23181] DEBUG -- :   [1m[35m (186.0ms)[0m  commit transaction
D, [2016-10-12T16:26:10.560569 #23511] DEBUG -- :   [1m[36m (0.1ms)[0m  [1mbegin transaction[0m
D, [2016-10-12T16:26:10.567841 #23511] DEBUG -- :   [1m[35mMessage Exists (0.1ms)[0m  SELECT 1 AS one FROM "messages" WHERE "messages"."key" = '645c53a9e7820d99' LIMIT 1
D, [2016-10-12T16:26:10.572092 #23511] DEBUG -- :   [1m[36mSQL (3.3ms)[0m  [1mINSERT INTO "messages" ("created_at", "deadline", "key", "text", "updated_at") VALUES (?, ?, ?, ?, ?)[0m  [["created_at", 2016-10-12 16:26:10 +0300], ["deadline", 123], ["key", "645c53a9e7820d99"], ["text", "123"], ["updated_at", 2016-10-12 16:26:10 +0300]]
D, [2016-10-12T16:26:10.739021 #23511] DEBUG -- :   [1m[35m (166.6ms)[0m  commit transaction
D, [2016-10-12T16:43:31.351935 #23511] DEBUG -- :   [1m[36m (0.1ms)[0m  [1mbegin transaction[0m
D, [2016-10-12T16:43:31.353200 #23511] DEBUG -- :   [1m[35mMessage Exists (0.2ms)[0m  SELECT 1 AS one FROM "messages" WHERE "messages"."key" = '55aaea301bb261a4' LIMIT 1
D, [2016-10-12T16:43:31.354064 #23511] DEBUG -- :   [1m[36mSQL (0.3ms)[0m  [1mINSERT INTO "messages" ("created_at", "deadline", "key", "text", "updated_at") VALUES (?, ?, ?, ?, ?)[0m  [["created_at", 2016-10-12 16:43:31 +0300], ["deadline", nil], ["key", "55aaea301bb261a4"], ["text", "sdf"], ["updated_at", 2016-10-12 16:43:31 +0300]]
D, [2016-10-12T16:43:31.576112 #23511] DEBUG -- :   [1m[35m (221.8ms)[0m  commit transaction
D, [2016-10-12T16:44:22.242139 #23511] DEBUG -- :   [1m[36m (0.1ms)[0m  [1mbegin transaction[0m
D, [2016-10-12T16:44:22.243764 #23511] DEBUG -- :   [1m[35mMessage Exists (0.2ms)[0m  SELECT 1 AS one FROM "messages" WHERE "messages"."key" = '4b6afce80c5fba8a' LIMIT 1
D, [2016-10-12T16:44:22.245518 #23511] DEBUG -- :   [1m[36mSQL (0.6ms)[0m  [1mINSERT INTO "messages" ("created_at", "deadline", "key", "text", "updated_at") VALUES (?, ?, ?, ?, ?)[0m  [["created_at", 2016-10-12 16:44:22 +0300], ["deadline", nil], ["key", "4b6afce80c5fba8a"], ["text", "s"], ["updated_at", 2016-10-12 16:44:22 +0300]]
D, [2016-10-12T16:44:22.437455 #23511] DEBUG -- :   [1m[35m (191.6ms)[0m  commit transaction
D, [2016-10-12T17:45:26.969092 #23940] DEBUG -- :   [1m[36m (0.1ms)[0m  [1mbegin transaction[0m
D, [2016-10-12T17:45:26.977097 #23940] DEBUG -- :   [1m[35mMessage Exists (0.1ms)[0m  SELECT 1 AS one FROM "messages" WHERE "messages"."key" = 'ec914ac1511faed2' LIMIT 1
D, [2016-10-12T17:45:26.980924 #23940] DEBUG -- :   [1m[36mSQL (3.0ms)[0m  [1mINSERT INTO "messages" ("created_at", "deadline", "key", "text", "updated_at") VALUES (?, ?, ?, ?, ?)[0m  [["created_at", 2016-10-12 17:45:26 +0300], ["deadline", nil], ["key", "ec914ac1511faed2"], ["text", "qweqwewqwew"], ["updated_at", 2016-10-12 17:45:26 +0300]]
D, [2016-10-12T17:45:27.150327 #23940] DEBUG -- :   [1m[35m (169.1ms)[0m  commit transaction
D, [2016-10-12T17:46:24.881715 #23948] DEBUG -- :   [1m[36m (0.1ms)[0m  [1mbegin transaction[0m
D, [2016-10-12T17:46:24.889391 #23948] DEBUG -- :   [1m[35mMessage Exists (0.1ms)[0m  SELECT 1 AS one FROM "messages" WHERE "messages"."key" = '44b9b03d0ff99211' LIMIT 1
D, [2016-10-12T17:46:24.893160 #23948] DEBUG -- :   [1m[36mSQL (3.0ms)[0m  [1mINSERT INTO "messages" ("created_at", "deadline", "key", "text", "updated_at") VALUES (?, ?, ?, ?, ?)[0m  [["created_at", 2016-10-12 17:46:24 +0300], ["deadline", nil], ["key", "44b9b03d0ff99211"], ["text", "fg"], ["updated_at", 2016-10-12 17:46:24 +0300]]
D, [2016-10-12T17:46:25.067361 #23948] DEBUG -- :   [1m[35m (173.9ms)[0m  commit transaction
D, [2016-10-12T18:19:22.345231 #24154] DEBUG -- :   [1m[36m (0.1ms)[0m  [1mbegin transaction[0m
D, [2016-10-12T18:19:22.353825 #24154] DEBUG -- :   [1m[35mMessage Exists (0.1ms)[0m  SELECT 1 AS one FROM "messages" WHERE "messages"."key" = 'cefaf5ee58e45d14' LIMIT 1
D, [2016-10-12T18:19:22.357654 #24154] DEBUG -- :   [1m[36mSQL (3.0ms)[0m  [1mINSERT INTO "messages" ("created_at", "deadline", "key", "text", "updated_at") VALUES (?, ?, ?, ?, ?)[0m  [["created_at", 2016-10-12 18:19:22 +0300], ["deadline", nil], ["key", "cefaf5ee58e45d14"], ["text", "asd"], ["updated_at", 2016-10-12 18:19:22 +0300]]
D, [2016-10-12T18:19:22.524251 #24154] DEBUG -- :   [1m[35m (166.1ms)[0m  commit transaction
D, [2016-10-12T18:19:36.227138 #24154] DEBUG -- :   [1m[36mMessage Load (0.3ms)[0m  [1mSELECT "messages".* FROM "messages" WHERE "messages"."key" = ? LIMIT 1[0m  [["key", "cefaf5ee58e45d14"]]
D, [2016-10-12T18:20:22.320171 #24154] DEBUG -- :   [1m[35mMessage Load (0.1ms)[0m  SELECT "messages".* FROM "messages" WHERE "messages"."key" = ? LIMIT 1  [["key", "cefaf5ee58e45d14"]]
D, [2016-10-12T18:21:00.244770 #24165] DEBUG -- :   [1m[36mMessage Load (0.2ms)[0m  [1mSELECT "messages".* FROM "messages" WHERE "messages"."key" = ? LIMIT 1[0m  [["key", "cefaf5ee58e45d14"]]
D, [2016-10-15T14:02:10.728069 #10365] DEBUG -- :   [1m[36m (0.2ms)[0m  [1mbegin transaction[0m
D, [2016-10-15T14:02:10.763243 #10365] DEBUG -- :   [1m[35mMessage Exists (0.1ms)[0m  SELECT 1 AS one FROM "messages" WHERE "messages"."key" = 'fbbd1465cb6bcee4' LIMIT 1
D, [2016-10-15T14:02:10.801703 #10365] DEBUG -- :   [1m[36mSQL (37.0ms)[0m  [1mINSERT INTO "messages" ("created_at", "deadline", "key", "text", "updated_at") VALUES (?, ?, ?, ?, ?)[0m  [["created_at", 2016-10-15 14:02:10 +0300], ["deadline", nil], ["key", "fbbd1465cb6bcee4"], ["text", "йцу"], ["updated_at", 2016-10-15 14:02:10 +0300]]
D, [2016-10-15T14:02:10.877661 #10365] DEBUG -- :   [1m[35m (75.5ms)[0m  commit transaction
D, [2016-10-15T14:02:13.574023 #10365] DEBUG -- :   [1m[36mMessage Load (0.4ms)[0m  [1mSELECT "messages".* FROM "messages" WHERE "messages"."key" = ? LIMIT 1[0m  [["key", "fbbd1465cb6bcee4"]]
D, [2016-10-15T14:02:17.668778 #10365] DEBUG -- :   [1m[35mMessage Load (0.3ms)[0m  SELECT "messages".* FROM "messages" WHERE "messages"."key" = ? LIMIT 1  [["key", "fbbd1465cb6bcee4"]]
D, [2016-10-15T14:02:27.155619 #10365] DEBUG -- :   [1m[36m (0.2ms)[0m  [1mbegin transaction[0m
D, [2016-10-15T14:02:27.157486 #10365] DEBUG -- :   [1m[35mMessage Exists (0.2ms)[0m  SELECT 1 AS one FROM "messages" WHERE "messages"."key" = '587025dd2194d019' LIMIT 1
D, [2016-10-15T14:02:27.158883 #10365] DEBUG -- :   [1m[36mSQL (0.4ms)[0m  [1mINSERT INTO "messages" ("created_at", "deadline", "key", "text", "updated_at") VALUES (?, ?, ?, ?, ?)[0m  [["created_at", 2016-10-15 14:02:27 +0300], ["deadline", nil], ["key", "587025dd2194d019"], ["text", ""], ["updated_at", 2016-10-15 14:02:27 +0300]]
D, [2016-10-15T14:02:27.316231 #10365] DEBUG -- :   [1m[35m (157.0ms)[0m  commit transaction
D, [2016-10-15T14:02:34.739986 #10365] DEBUG -- :   [1m[36m (0.1ms)[0m  [1mbegin transaction[0m
D, [2016-10-15T14:02:34.742277 #10365] DEBUG -- :   [1m[35mMessage Exists (0.3ms)[0m  SELECT 1 AS one FROM "messages" WHERE "messages"."key" = 'e2b3a86fc14e00d4' LIMIT 1
D, [2016-10-15T14:02:34.744168 #10365] DEBUG -- :   [1m[36mSQL (0.6ms)[0m  [1mINSERT INTO "messages" ("created_at", "deadline", "key", "text", "updated_at") VALUES (?, ?, ?, ?, ?)[0m  [["created_at", 2016-10-15 14:02:34 +0300], ["deadline", nil], ["key", "e2b3a86fc14e00d4"], ["text", ""], ["updated_at", 2016-10-15 14:02:34 +0300]]
D, [2016-10-15T14:02:34.867591 #10365] DEBUG -- :   [1m[35m (122.9ms)[0m  commit transaction
D, [2016-10-15T14:02:43.678507 #10365] DEBUG -- :   [1m[36mMessage Load (0.2ms)[0m  [1mSELECT "messages".* FROM "messages" WHERE "messages"."key" = ? LIMIT 1[0m  [["key", "e2b3a86fc14e00d4"]]
D, [2016-10-15T19:32:28.968114 #16789] DEBUG -- :   [1m[36m (0.1ms)[0m  [1mbegin transaction[0m
D, [2016-10-15T19:32:28.976353 #16789] DEBUG -- :   [1m[35mMessage Exists (0.1ms)[0m  SELECT 1 AS one FROM "messages" WHERE "messages"."key" = '2fc9303c759ef102' LIMIT 1
D, [2016-10-15T19:32:28.980503 #16789] DEBUG -- :   [1m[36mSQL (3.1ms)[0m  [1mINSERT INTO "messages" ("choice", "created_at", "deadline", "key", "left_shows", "text", "updated_at") VALUES (?, ?, ?, ?, ?, ?, ?)[0m  [["choice", false], ["created_at", 2016-10-15 19:32:28 +0300], ["deadline", nil], ["key", "2fc9303c759ef102"], ["left_shows", -1], ["text", "MESSAGE dude!"], ["updated_at", 2016-10-15 19:32:28 +0300]]
D, [2016-10-15T19:32:29.171377 #16789] DEBUG -- :   [1m[35m (190.6ms)[0m  commit transaction
D, [2016-10-15T19:32:38.502902 #16789] DEBUG -- :   [1m[36mMessage Load (0.4ms)[0m  [1mSELECT "messages".* FROM "messages" WHERE "messages"."key" = ? LIMIT 1[0m  [["key", "2fc9303c759ef102"]]
D, [2016-10-15T19:33:32.990219 #16814] DEBUG -- :   [1m[36mMessage Load (0.3ms)[0m  [1mSELECT "messages".* FROM "messages" WHERE "messages"."key" = ? LIMIT 1[0m  [["key", "2fc9303c759ef102"]]
